============================= test session starts =============================
platform win32 -- Python 3.11.9, pytest-9.0.2, pluggy-1.6.0
rootdir: D:\Repos\pro-nlp-finalproject-nlp-01\backend
configfile: pyproject.toml
plugins: anyio-4.12.1, asyncio-1.3.0
asyncio: mode=Mode.STRICT, debug=False, asyncio_default_fixture_loop_scope=None, asyncio_default_test_loop_scope=function
collected 0 items / 3 errors

=================================== ERRORS ====================================
________________ ERROR collecting app/tests/test_popularity.py ________________
ImportError while importing test module 'D:\Repos\pro-nlp-finalproject-nlp-01\backend\app\tests\test_popularity.py'.
Hint: make sure your test modules/packages have valid Python names.
Traceback:
C:\Program Files\WindowsApps\PythonSoftwareFoundation.Python.3.11_3.11.2544.0_x64__qbz5n2kfra8p0\Lib\importlib\__init__.py:126: in import_module
    return _bootstrap._gcd_import(name[level:], package, level)
           ^^^^^^^^^^^^^^^^^^^^^^^^^^^^^^^^^^^^^^^^^^^^^^^^^^^^
app\tests\test_popularity.py:8: in <module>
    from sqlalchemy import select
E   ModuleNotFoundError: No module named 'sqlalchemy'
______________ ERROR collecting app/tests/test_recommendation.py ______________
ImportError while importing test module 'D:\Repos\pro-nlp-finalproject-nlp-01\backend\app\tests\test_recommendation.py'.
Hint: make sure your test modules/packages have valid Python names.
Traceback:
C:\Program Files\WindowsApps\PythonSoftwareFoundation.Python.3.11_3.11.2544.0_x64__qbz5n2kfra8p0\Lib\importlib\__init__.py:126: in import_module
    return _bootstrap._gcd_import(name[level:], package, level)
           ^^^^^^^^^^^^^^^^^^^^^^^^^^^^^^^^^^^^^^^^^^^^^^^^^^^^
app\tests\test_recommendation.py:4: in <module>
    from sqlalchemy.ext.asyncio import AsyncSession
E   ModuleNotFoundError: No module named 'sqlalchemy'
_____________________ ERROR collecting tests/test_main.py _____________________
ImportError while importing test module 'D:\Repos\pro-nlp-finalproject-nlp-01\backend\tests\test_main.py'.
Hint: make sure your test modules/packages have valid Python names.
Traceback:
C:\Program Files\WindowsApps\PythonSoftwareFoundation.Python.3.11_3.11.2544.0_x64__qbz5n2kfra8p0\Lib\importlib\__init__.py:126: in import_module
    return _bootstrap._gcd_import(name[level:], package, level)
           ^^^^^^^^^^^^^^^^^^^^^^^^^^^^^^^^^^^^^^^^^^^^^^^^^^^^
tests\test_main.py:4: in <module>
    from sqlalchemy.ext.asyncio import create_async_engine, AsyncSession
E   ModuleNotFoundError: No module named 'sqlalchemy'
=========================== short test summary info ===========================
ERROR app/tests/test_popularity.py
ERROR app/tests/test_recommendation.py
ERROR tests/test_main.py
!!!!!!!!!!!!!!!!!!! Interrupted: 3 errors during collection !!!!!!!!!!!!!!!!!!!
============================== 3 errors in 0.39s ==============================
